<?xml version="1.0" encoding="UTF-8"?>
<!-- Generated by org.testng.reporters.JUnitReportReporter -->
<testsuite hostname="LAPTOP-EGV1IEV2" failures="0" tests="9" name="com.mycompany.nhom09.lop02.BankAccountTest$WithdrawTest" time="0.873" errors="0" timestamp="2024-11-17T23:12:37 ICT" skipped="0">
  <testcase classname="com.mycompany.nhom09.lop02.BankAccountTest$WithdrawTest" name="testWithdraw[WD007]" time="0.099"/>
  <system-out/>
  <testcase classname="com.mycompany.nhom09.lop02.BankAccountTest$WithdrawTest" name="testWithdraw[WD009]" time="0.100"/>
  <system-out/>
  <testcase classname="com.mycompany.nhom09.lop02.BankAccountTest$WithdrawTest" name="testWithdraw[WD001]" time="0.094"/>
  <system-out/>
  <testcase classname="com.mycompany.nhom09.lop02.BankAccountTest$WithdrawTest" name="testWithdraw[WD004]" time="0.096"/>
  <system-out/>
  <testcase classname="com.mycompany.nhom09.lop02.BankAccountTest$WithdrawTest" name="testWithdraw[WD006]" time="0.098"/>
  <system-out/>
  <testcase classname="com.mycompany.nhom09.lop02.BankAccountTest$WithdrawTest" name="testWithdraw[WD002]" time="0.094"/>
  <system-out/>
  <testcase classname="com.mycompany.nhom09.lop02.BankAccountTest$WithdrawTest" name="testWithdraw[WD005]" time="0.097"/>
  <system-out/>
  <testcase classname="com.mycompany.nhom09.lop02.BankAccountTest$WithdrawTest" name="testWithdraw[WD008]" time="0.100"/>
  <system-out/>
  <testcase classname="com.mycompany.nhom09.lop02.BankAccountTest$WithdrawTest" name="testWithdraw[WD003]" time="0.095"/>
  <system-out/>
</testsuite> <!-- com.mycompany.nhom09.lop02.BankAccountTest$WithdrawTest -->
