<?xml version="1.0" encoding="UTF-8"?>
<!-- Generated by org.testng.reporters.JUnitReportReporter -->
<testsuite hostname="LAPTOP-EGV1IEV2" failures="0" tests="4" name="com.mycompany.nhom09.lop02.BankAccountTest$GettersSettersAccountNumberTest" time="0.315" errors="0" timestamp="2024-11-17T23:12:37 ICT" skipped="0">
  <testcase classname="com.mycompany.nhom09.lop02.BankAccountTest$GettersSettersAccountNumberTest" name="testGettersSettersAccountNumber[SN005]" time="0.077"/>
  <system-out/>
  <testcase classname="com.mycompany.nhom09.lop02.BankAccountTest$GettersSettersAccountNumberTest" name="testGettersSettersAccountNumber[SN007]" time="0.079"/>
  <system-out/>
  <testcase classname="com.mycompany.nhom09.lop02.BankAccountTest$GettersSettersAccountNumberTest" name="testGettersSettersAccountNumber[SN008]" time="0.081"/>
  <system-out/>
  <testcase classname="com.mycompany.nhom09.lop02.BankAccountTest$GettersSettersAccountNumberTest" name="testGettersSettersAccountNumber[SN006]" time="0.078"/>
  <system-out/>
</testsuite> <!-- com.mycompany.nhom09.lop02.BankAccountTest$GettersSettersAccountNumberTest -->
